<?xml version="1.0" encoding="UTF-8"?>
<!-- Generated by org.testng.reporters.JUnitXMLReporter -->
<testsuite ignored="2" hostname="DESKTOP-HN31416" failures="0" tests="1" name="Test1" time="16.876" errors="0" timestamp="2024-05-20T17:08:50 IST">
  <testcase classname="aa_11.Error_Handling" name="loginErrorValidation" time="0.798"/>
  <testcase classname="aa_11.API" name="exercise" time="0.0">
    <ignored/>
  </testcase> <!-- exercise -->
  <testcase classname="aa_11.Error_Handling" name="ProductError" time="0.0">
    <ignored/>
  </testcase> <!-- ProductError -->
</testsuite> <!-- Test1 -->
