<?xml version="1.0" encoding="UTF-8"?>
<!-- Generated by org.testng.reporters.JUnitXMLReporter -->
<testsuite ignored="0" hostname="DESKTOP-HN31416" failures="0" tests="3" name="Test" time="66.63" errors="0" timestamp="2024-05-20T17:13:41 IST">
  <testcase classname="aa_11.API" name="exercise" time="28.998"/>
  <testcase classname="aa_11.Error_Handling" name="ProductError" time="0.009"/>
  <testcase classname="aa_11.Error_Handling" name="loginErrorValidation" time="1.119"/>
</testsuite> <!-- Test -->
